
Showing logs for build [32mcb-kubecd-environment-pr-192-73-wbnlt-1[0m stage [32mfrom-build-pack[0m and container [32mstep-credential-initializer-5vflz[0m
{"level":"warn","ts":1585798672.0055292,"logger":"fallback-logger","caller":"logging/config.go:69","msg":"Fetch GitHub commit ID from kodata failed: \"ref: refs/heads/0.8.0-**-support-backwards-incompats\" is not a valid GitHub commit ID"}
{"level":"info","ts":1585798672.006666,"logger":"fallback-logger","caller":"creds-init/main.go:40","msg":"Credentials initialized."}

Showing logs for build [32mcb-kubecd-environment-pr-192-73-wbnlt-1[0m stage [32mfrom-build-pack[0m and container [32mstep-working-dir-initializer-l2j8t[0m
{"level":"warn","ts":1585798673.0925853,"logger":"fallback-logger","caller":"logging/config.go:69","msg":"Fetch GitHub commit ID from kodata failed: open /var/run/ko/HEAD: no such file or directory"}
{"level":"info","ts":1585798673.103078,"logger":"fallback-logger","caller":"bash/main.go:64","msg":"Successfully executed command \"sh -c mkdir -p /workspace/source\"; output "}

Showing logs for build [32mcb-kubecd-environment-pr-192-73-wbnlt-1[0m stage [32mfrom-build-pack[0m and container [32mstep-place-tools[0m

Showing logs for build [32mcb-kubecd-environment-pr-192-73-wbnlt-1[0m stage [32mfrom-build-pack[0m and container [32mstep-git-source-cb-kubecd-environment-pr-192-73-wbnlt-4ndbl[0m
{"level":"warn","ts":1585798678.258313,"logger":"fallback-logger","caller":"logging/config.go:69","msg":"Fetch GitHub commit ID from kodata failed: \"ref: refs/heads/0.8.0-**-support-backwards-incompats\" is not a valid GitHub commit ID"}
{"level":"info","ts":1585798679.3867888,"logger":"fallback-logger","caller":"git/git.go:103","msg":"Successfully cloned https://github.com/cb-kubecd/environment-pr-192-73-boot-gke-staging.git @ master in path /workspace/source"}

Showing logs for build [32mcb-kubecd-environment-pr-192-73-wbnlt-1[0m stage [32mfrom-build-pack[0m and container [32mstep-git-merge[0m
Using SHAs from PULL_REFS=master:99407ee4975ad4ab127c5fec78ed78fc34c14d30,7:409ace43a61ab46611097c93ae496c2a26559794
DEBUG: LC_ALL=C JX_LOG_LEVEL=error git fetch origin --unshallow 409ace43a61ab46611097c93ae496c2a26559794: 99407ee4975ad4ab127c5fec78ed78fc34c14d30:
DEBUG: ran git fetch --unshallow origin 409ace43a61ab46611097c93ae496c2a26559794: 99407ee4975ad4ab127c5fec78ed78fc34c14d30: in 
DEBUG: LC_ALL=C JX_LOG_LEVEL=error git branch
DEBUG: LC_ALL=C JX_LOG_LEVEL=error git checkout master
DEBUG: ran git checkout master in 
DEBUG: LC_ALL=C JX_LOG_LEVEL=error git reset --hard 99407ee4975ad4ab127c5fec78ed78fc34c14d30
DEBUG: ran git reset --hard 99407ee4975ad4ab127c5fec78ed78fc34c14d30 in 
DEBUG: LC_ALL=C JX_LOG_LEVEL=error git clean -fd .
DEBUG: ran clean --force -d . in 
DEBUG: LC_ALL=C JX_LOG_LEVEL=error git merge 409ace43a61ab46611097c93ae496c2a26559794
DEBUG: ran git merge 409ace43a61ab46611097c93ae496c2a26559794 in 
DEBUG: LC_ALL=C JX_LOG_LEVEL=error git log --format=%H%x1f%an%x1f%ae%x1f%cn%x1f%ce%x1f%s%n%b%x1e 99407ee4975ad4ab127c5fec78ed78fc34c14d30..HEAD
Merged SHA 409ace43a61ab46611097c93ae496c2a26559794 with commit message 'chore: Promote bdd-nh-import-1585797440 to version 0.0.1' into base branch master

Showing logs for build [32mcb-kubecd-environment-pr-192-73-wbnlt-1[0m stage [32mfrom-build-pack[0m and container [32mstep-build-helm-build[0m
WARNING: No $CHART_REPOSITORY defined so using the default value of: http://jenkins-x-chartmuseum:8080
Adding missing Helm repo: storage.googleapis.com https://storage.googleapis.com/chartmuseum.jenkins-x.io
WARNING: No secrets found on "helm/repos" due: reading the secret "helm/repos" from vault: no secret "helm/repos" not found in vault
Read credentials for https://storage.googleapis.com/chartmuseum.jenkins-x.io from vault helm/repos
Successfully added Helm repository storage.googleapis.com.
Adding missing Helm repo: jenkins-x-chartmuseum http://jenkins-x-chartmuseum:8080
WARNING: No secrets found on "helm/repos" due: reading the secret "helm/repos" from vault: no secret "helm/repos" not found in vault
Read credentials for http://jenkins-x-chartmuseum:8080 from vault helm/repos
Successfully added Helm repository jenkins-x-chartmuseum.
WARNING: No $CHART_REPOSITORY defined so using the default value of: http://jenkins-x-chartmuseum:8080
Adding missing Helm repo: chartmuseum.jenkins-x.io http://chartmuseum.jenkins-x.io
WARNING: No secrets found on "helm/repos" due: reading the secret "helm/repos" from vault: no secret "helm/repos" not found in vault
Read credentials for http://chartmuseum.jenkins-x.io from vault helm/repos
Successfully added Helm repository chartmuseum.jenkins-x.io.
