
Showing logs for build [32mcb-kubecd-environment-pr-192-73-88rb6-1[0m stage [32mfrom-build-pack[0m and container [32mstep-credential-initializer-x7mvs[0m
{"level":"warn","ts":1585796202.7168157,"logger":"fallback-logger","caller":"logging/config.go:69","msg":"Fetch GitHub commit ID from kodata failed: \"ref: refs/heads/0.8.0-**-support-backwards-incompats\" is not a valid GitHub commit ID"}
{"level":"info","ts":1585796202.7174947,"logger":"fallback-logger","caller":"creds-init/main.go:40","msg":"Credentials initialized."}

Showing logs for build [32mcb-kubecd-environment-pr-192-73-88rb6-1[0m stage [32mfrom-build-pack[0m and container [32mstep-working-dir-initializer-w52xd[0m
{"level":"warn","ts":1585796204.1050258,"logger":"fallback-logger","caller":"logging/config.go:69","msg":"Fetch GitHub commit ID from kodata failed: open /var/run/ko/HEAD: no such file or directory"}
{"level":"info","ts":1585796204.1064374,"logger":"fallback-logger","caller":"bash/main.go:64","msg":"Successfully executed command \"sh -c mkdir -p /workspace/source\"; output "}

Showing logs for build [32mcb-kubecd-environment-pr-192-73-88rb6-1[0m stage [32mfrom-build-pack[0m and container [32mstep-place-tools[0m

Showing logs for build [32mcb-kubecd-environment-pr-192-73-88rb6-1[0m stage [32mfrom-build-pack[0m and container [32mstep-git-source-cb-kubecd-environment-pr-192-73-88rb6-hgwdp[0m
{"level":"warn","ts":1585796210.2704082,"logger":"fallback-logger","caller":"logging/config.go:69","msg":"Fetch GitHub commit ID from kodata failed: \"ref: refs/heads/0.8.0-**-support-backwards-incompats\" is not a valid GitHub commit ID"}
{"level":"info","ts":1585796211.3318126,"logger":"fallback-logger","caller":"git/git.go:103","msg":"Successfully cloned https://github.com/cb-kubecd/environment-pr-192-73-boot-gke-staging.git @ master in path /workspace/source"}

Showing logs for build [32mcb-kubecd-environment-pr-192-73-88rb6-1[0m stage [32mfrom-build-pack[0m and container [32mstep-git-merge[0m
Using SHAs from PULL_REFS=master:eaf9b33b032dfb1b788541ac3a5b6ecd6bf45031,3:a9bb1d3fae48d3c72eb7d23e58af194f0ea5d008
DEBUG: LC_ALL=C JX_LOG_LEVEL=error git fetch origin --unshallow a9bb1d3fae48d3c72eb7d23e58af194f0ea5d008: eaf9b33b032dfb1b788541ac3a5b6ecd6bf45031:
DEBUG: ran git fetch --unshallow origin a9bb1d3fae48d3c72eb7d23e58af194f0ea5d008: eaf9b33b032dfb1b788541ac3a5b6ecd6bf45031: in 
DEBUG: LC_ALL=C JX_LOG_LEVEL=error git branch
DEBUG: LC_ALL=C JX_LOG_LEVEL=error git checkout master
DEBUG: ran git checkout master in 
DEBUG: JX_LOG_LEVEL=error LC_ALL=C git reset --hard eaf9b33b032dfb1b788541ac3a5b6ecd6bf45031
DEBUG: ran git reset --hard eaf9b33b032dfb1b788541ac3a5b6ecd6bf45031 in 
DEBUG: LC_ALL=C JX_LOG_LEVEL=error git clean -fd .
DEBUG: ran clean --force -d . in 
DEBUG: LC_ALL=C JX_LOG_LEVEL=error git merge a9bb1d3fae48d3c72eb7d23e58af194f0ea5d008
DEBUG: ran git merge a9bb1d3fae48d3c72eb7d23e58af194f0ea5d008 in 
DEBUG: LC_ALL=C JX_LOG_LEVEL=error git log --format=%H%x1f%an%x1f%ae%x1f%cn%x1f%ce%x1f%s%n%b%x1e eaf9b33b032dfb1b788541ac3a5b6ecd6bf45031..HEAD
Merged SHA a9bb1d3fae48d3c72eb7d23e58af194f0ea5d008 with commit message 'chore: Promote bdd-sbhg-1585795293 to version 0.0.1' into base branch master

Showing logs for build [32mcb-kubecd-environment-pr-192-73-88rb6-1[0m stage [32mfrom-build-pack[0m and container [32mstep-build-helm-build[0m
WARNING: No $CHART_REPOSITORY defined so using the default value of: http://jenkins-x-chartmuseum:8080
Adding missing Helm repo: storage.googleapis.com https://storage.googleapis.com/chartmuseum.jenkins-x.io
WARNING: No secrets found on "helm/repos" due: reading the secret "helm/repos" from vault: no secret "helm/repos" not found in vault
Read credentials for https://storage.googleapis.com/chartmuseum.jenkins-x.io from vault helm/repos
Successfully added Helm repository storage.googleapis.com.
Adding missing Helm repo: jenkins-x-chartmuseum http://jenkins-x-chartmuseum:8080
WARNING: No secrets found on "helm/repos" due: reading the secret "helm/repos" from vault: no secret "helm/repos" not found in vault
Read credentials for http://jenkins-x-chartmuseum:8080 from vault helm/repos
Successfully added Helm repository jenkins-x-chartmuseum.
WARNING: No $CHART_REPOSITORY defined so using the default value of: http://jenkins-x-chartmuseum:8080
Adding missing Helm repo: chartmuseum.jenkins-x.io http://chartmuseum.jenkins-x.io
WARNING: No secrets found on "helm/repos" due: reading the secret "helm/repos" from vault: no secret "helm/repos" not found in vault
Read credentials for http://chartmuseum.jenkins-x.io from vault helm/repos
Successfully added Helm repository chartmuseum.jenkins-x.io.
